2022/09/02 (13:03:22) | ===> btop++ v.1.2.9
2022/09/02 (13:03:22) | ERROR: Invalid RGB decimal value: "ba1a84"

2022/09/05 (18:51:51) | ===> btop++ v.1.2.9
2022/09/05 (18:51:51) | ERROR: Stall in Runner thread, restarting!

2023/01/16 (11:18:04) | ===> btop++ v.1.2.13
2023/01/16 (11:18:04) | ERROR: Stall in Runner thread, restarting!

2023/04/29 (04:13:31) | ===> btop++ v.1.2.13
2023/04/29 (04:13:31) | INFO: Logger set to INFO
2023/04/29 (04:13:31) | INFO: Logger set to DEBUG

2025/04/06 (15:38:57) | ===> btop++ v.1.4.0
2025/04/06 (15:38:57) | WARNING: Intel GPU: Failed to initialize PMU

2025/04/06 (15:58:14) | ===> btop++ v.1.4.0
2025/04/06 (15:58:14) | WARNING: Intel GPU: Failed to initialize PMU

2025/04/06 (16:53:41) | ===> btop++ v.1.4.0
2025/04/06 (16:53:41) | WARNING: NVML: Failed to get maximum GPU power draw, defaulting to 225W: Not Supported
2025/04/06 (16:53:41) | WARNING: Intel GPU: Failed to initialize PMU

2025/04/06 (18:55:06) | ===> btop++ v.1.4.0
2025/04/06 (18:55:06) | WARNING: NVML: Failed to get maximum GPU power draw, defaulting to 225W: Not Supported
2025/04/06 (18:55:06) | WARNING: Intel GPU: Failed to initialize PMU

2025/04/06 (19:19:07) | ===> btop++ v.1.4.0
2025/04/06 (19:19:07) | WARNING: NVML: Failed to get maximum GPU power draw, defaulting to 225W: Not Supported
2025/04/06 (19:19:07) | WARNING: Intel GPU: Failed to initialize PMU
2025/04/06 (19:19:08) | WARNING: Failed to join _runner thread on exit!

2025/04/06 (19:56:49) | ===> btop++ v.1.4.0
2025/04/06 (19:56:49) | WARNING: NVML: Failed to get maximum GPU power draw, defaulting to 225W: Not Supported
2025/04/06 (19:56:49) | WARNING: Intel GPU: Failed to initialize PMU
2025/04/06 (19:58:25) | WARNING: Failed to join _runner thread on exit!

2025/04/08 (21:47:11) | ===> btop++ v.1.4.0
2025/04/08 (21:47:11) | WARNING: NVML: Failed to get maximum GPU power draw, defaulting to 225W: Not Supported
2025/04/08 (21:47:11) | WARNING: Intel GPU: Failed to initialize PMU
2025/04/08 (21:47:43) | WARNING: Failed to join _runner thread on exit!
